<?xml version="1.0" encoding="UTF-8"?>
<testng-results ignored="0" total="1" passed="1" failed="0" skipped="0">
  <reporter-output>
  </reporter-output>
  <suite started-at="2021-02-01T08:02:34Z" name="Suite" finished-at="2021-02-01T08:03:05Z" duration-ms="30758">
    <groups>
    </groups>
    <test started-at="2021-02-01T08:02:34Z" name="Test" finished-at="2021-02-01T08:03:05Z" duration-ms="30758">
      <class name="DemoProject.Demo.OpenUrl">
        <test-method signature="HomePageNavigation(java.lang.String, java.lang.String, java.lang.String, java.lang.String)[pri:0, instance:DemoProject.Demo.OpenUrl@14ec4505]" started-at="2021-02-01T08:02:34Z" name="HomePageNavigation" data-provider="getdata" finished-at="2021-02-01T08:03:05Z" duration-ms="30729" status="PASS">
          <params>
            <param index="0">
              <value>
                <![CDATA[Test]]>
              </value>
            </param>
            <param index="1">
              <value>
                <![CDATA[Test1]]>
              </value>
            </param>
            <param index="2">
              <value>
                <![CDATA[Password123]]>
              </value>
            </param>
            <param index="3">
              <value>
                <![CDATA[martmathew26@gmail.com]]>
              </value>
            </param>
          </params>
          <reporter-output>
          </reporter-output>
        </test-method> <!-- HomePageNavigation -->
      </class> <!-- DemoProject.Demo.OpenUrl -->
    </test> <!-- Test -->
  </suite> <!-- Suite -->
</testng-results>
