<?xml version="1.0" encoding="UTF-8"?>
<testsuite xmlns:xsi="http://www.w3.org/2001/XMLSchema-instance" xsi:noNamespaceSchemaLocation="https://maven.apache.org/surefire/maven-surefire-plugin/xsd/surefire-test-report-3.0.xsd" version="3.0" name="TestSuite" time="31.337" tests="1" errors="0" skipped="0" failures="0">
  <properties>
[...]
</properties>
  <testcase name="HomePageNavigation[Test, Test1, Password123, martmathew26@gmail.com](1)" classname="DemoProject.Demo.OpenUrl" time="31.024">
    <system-out><![CDATA[<xml-fragment r="1" spans="1:10" x14ac:dyDescent="0.3" xmlns:r="http://schemas.openxmlformats.org/officeDocument/2006/relationships" xmlns:mc="http://schemas.openxmlformats.org/markup-compatibility/2006" xmlns:x14ac="http://schemas.microsoft.com/office/spreadsheetml/2009/9/ac" xmlns:xr="http://schemas.microsoft.com/office/spreadsheetml/2014/revision" xmlns:xr2="http://schemas.microsoft.com/office/spreadsheetml/2015/revision2" xmlns:xr3="http://schemas.microsoft.com/office/spreadsheetml/2016/revision3" xmlns:main="http://schemas.openxmlformats.org/spreadsheetml/2006/main">
  <main:c r="A1" t="s">
    <main:v>0</main:v>
  </main:c>
  <main:c r="B1" t="s">
    <main:v>1</main:v>
  </main:c>
  <main:c r="C1" t="s">
    <main:v>2</main:v>
  </main:c>
  <main:c r="D1" t="s">
    <main:v>3</main:v>
  </main:c>
  <main:c r="E1" t="s">
    <main:v>4</main:v>
  </main:c>
  <main:c r="F1" t="s">
    <main:v>5</main:v>
  </main:c>
  <main:c r="G1" t="s">
    <main:v>6</main:v>
  </main:c>
  <main:c r="H1" t="s">
    <main:v>7</main:v>
  </main:c>
  <main:c r="I1" t="s">
    <main:v>8</main:v>
  </main:c>
  <main:c r="J1" t="s">
    <main:v>9</main:v>
  </main:c>
</xml-fragment>
<xml-fragment r="2" spans="1:10" s="1" customFormat="1" x14ac:dyDescent="0.3" xmlns:r="http://schemas.openxmlformats.org/officeDocument/2006/relationships" xmlns:mc="http://schemas.openxmlformats.org/markup-compatibility/2006" xmlns:x14ac="http://schemas.microsoft.com/office/spreadsheetml/2009/9/ac" xmlns:xr="http://schemas.microsoft.com/office/spreadsheetml/2014/revision" xmlns:xr2="http://schemas.microsoft.com/office/spreadsheetml/2015/revision2" xmlns:xr3="http://schemas.microsoft.com/office/spreadsheetml/2016/revision3" xmlns:main="http://schemas.openxmlformats.org/spreadsheetml/2006/main">
  <main:c r="A2" s="1" t="s">
    <main:v>10</main:v>
  </main:c>
  <main:c r="B2" s="1" t="s">
    <main:v>11</main:v>
  </main:c>
  <main:c r="C2" s="2" t="s">
    <main:v>18</main:v>
  </main:c>
  <main:c r="D2" s="1" t="s">
    <main:v>16</main:v>
  </main:c>
  <main:c r="E2" s="1" t="s">
    <main:v>12</main:v>
  </main:c>
  <main:c r="F2" s="1" t="s">
    <main:v>13</main:v>
  </main:c>
  <main:c r="G2" s="1" t="s">
    <main:v>13</main:v>
  </main:c>
  <main:c r="H2" s="1" t="s">
    <main:v>15</main:v>
  </main:c>
  <main:c r="I2" s="1" t="s">
    <main:v>14</main:v>
  </main:c>
  <main:c r="J2" s="1" t="s">
    <main:v>17</main:v>
  </main:c>
</xml-fragment>
martmathew226@gmail.com
]]></system-out>
    <system-err><![CDATA[Starting ChromeDriver 87.0.4280.88 (89e2380a3e36c3464b5dd1302349b1382549290d-refs/branch-heads/4280@{#1761}) on port 26807
Only local connections are allowed.
Please see https://chromedriver.chromium.org/security-considerations for suggestions on keeping ChromeDriver safe.
ChromeDriver was started successfully.
[1612166557.756][WARNING]: This version of ChromeDriver has not been tested with Chrome version 88.
Feb 01, 2021 1:32:40 PM org.openqa.selenium.remote.ProtocolHandshake createSession
INFO: Detected dialect: W3C
]]></system-err>
  </testcase>
</testsuite>