<?xml version="1.0" encoding="UTF-8"?>
<testng-results ignored="0" total="1" passed="1" failed="0" skipped="0">
  <reporter-output>
  </reporter-output>
  <suite started-at="2021-02-01T07:44:43Z" name="Default suite" finished-at="2021-02-01T07:45:11Z" duration-ms="27740">
    <groups>
    </groups>
    <test started-at="2021-02-01T07:44:43Z" name="Default test" finished-at="2021-02-01T07:45:11Z" duration-ms="27740">
      <class name="DemoProject.Demo.OpenUrl">
        <test-method signature="HomePageNavigation(java.lang.String, java.lang.String, java.lang.String, java.lang.String)[pri:0, instance:DemoProject.Demo.OpenUrl@4e91d63f]" started-at="2021-02-01T07:44:43Z" name="HomePageNavigation" data-provider="getdata" finished-at="2021-02-01T07:45:11Z" duration-ms="27680" status="PASS">
          <params>
            <param index="0">
              <value>
                <![CDATA[Test]]>
              </value>
            </param>
            <param index="1">
              <value>
                <![CDATA[Test1]]>
              </value>
            </param>
            <param index="2">
              <value>
                <![CDATA[Password123]]>
              </value>
            </param>
            <param index="3">
              <value>
                <![CDATA[martmathew26@gmail.com]]>
              </value>
            </param>
          </params>
          <reporter-output>
          </reporter-output>
        </test-method> <!-- HomePageNavigation -->
      </class> <!-- DemoProject.Demo.OpenUrl -->
    </test> <!-- Default test -->
  </suite> <!-- Default suite -->
</testng-results>
